
> nextapp@0.1.0 dev
> next dev --turbopack

   ▲ Next.js 15.1.2 (Turbopack)
   - Local:        http://localhost:3000
   - Network:      http://172.31.1.93:3000
   - Environments: .env.local

 ✓ Starting...
 ✓ Ready in 1649ms
 ○ Compiling / ...
 ✓ Compiled / in 5.5s
토큰 있음
 GET / 200 in 158ms
 GET / 200 in 153ms
 GET / 200 in 131ms
토큰 있음
 GET / 307 in 75ms
 ○ Compiling /MainPage ...
 ✓ Compiled /MainPage in 690ms
 GET /MainPage/ 200 in 785ms
 ✓ Compiled /favicon.ico in 309ms
 GET /favicon.ico?favicon.45db1c09.ico 200 in 391ms
토큰 있음
 GET / 307 in 90ms
 GET /MainPage/ 200 in 66ms
 GET /favicon.ico?favicon.45db1c09.ico 200 in 70ms
 GET / 200 in 168ms
 GET / 200 in 178ms
 GET / 200 in 109ms
 GET /MainPage/ 200 in 89ms
 GET /favicon.ico?favicon.45db1c09.ico 200 in 154ms
 GET / 200 in 62ms
 GET /favicon.ico?favicon.45db1c09.ico 200 in 157ms
 GET /MainPage/ 200 in 88ms
 GET /favicon.ico?favicon.45db1c09.ico 200 in 85ms
 GET / 200 in 72ms
 GET /favicon.ico?favicon.45db1c09.ico 200 in 55ms
 GET / 200 in 142ms
 GET / 200 in 174ms
 GET / 200 in 114ms
 GET / 200 in 133ms
 GET /favicon.ico?favicon.45db1c09.ico 200 in 55ms
 GET /MainPage/ 200 in 66ms
 GET /favicon.ico?favicon.45db1c09.ico 200 in 56ms
 GET / 200 in 93ms
 GET /favicon.ico?favicon.45db1c09.ico 200 in 48ms
 GET / 200 in 75ms
 GET / 200 in 86ms
 GET / 200 in 64ms
 GET /MainPage/ 200 in 57ms
 GET /favicon.ico?favicon.45db1c09.ico 200 in 77ms
 ○ Compiling /MatchingPerson ...
 ✓ Compiled /MatchingPerson in 1270ms
 GET /MatchingPerson/ 200 in 1330ms
 GET /favicon.ico?favicon.45db1c09.ico 200 in 43ms
 GET /MainPage/ 200 in 47ms
 GET /favicon.ico?favicon.45db1c09.ico 200 in 36ms
 GET /MatchingPerson/ 200 in 51ms
 GET /favicon.ico?favicon.45db1c09.ico 200 in 91ms
 ○ Compiling /MatchingPerson/ChatHuman ...
 ✓ Compiled /MatchingPerson/ChatHuman in 697ms
 GET /MatchingPerson/ChatHuman/?room=room_1736394451166 200 in 768ms
 GET /MatchingPerson/ChatHuman/?room=room_1736394451166 200 in 774ms
 GET /favicon.ico?favicon.45db1c09.ico 200 in 66ms
 GET /favicon.ico?favicon.45db1c09.ico 200 in 36ms
 GET / 200 in 75ms
 GET / 200 in 59ms
 GET / 200 in 90ms
 GET /favicon.ico?favicon.45db1c09.ico 200 in 58ms
 GET /favicon.ico?favicon.45db1c09.ico 200 in 31ms
 GET / 200 in 81ms
 GET /favicon.ico?favicon.45db1c09.ico 200 in 44ms
 GET /favicon.ico?favicon.45db1c09.ico 200 in 39ms
 GET /MatchingPerson/ 200 in 48ms
 GET /favicon.ico?favicon.45db1c09.ico 200 in 31ms
 GET / 200 in 60ms
 GET / 200 in 80ms
 GET / 200 in 49ms
 GET /favicon.ico?favicon.45db1c09.ico 200 in 35ms
 ⨯ ReferenceError: alert is not defined
    at MatchingPerson (app/MatchingPerson/page.tsx:31:4)
  29 |     gender = decoded.user_gender;
  30 |   } else {
> 31 |     alert('유효하지 않은 접근입니다.');
     |    ^
  32 |     router.replace('/');
  33 |   }
  34 | {
  digest: '1194102915'
}
 GET /MatchingPerson/ 500 in 244ms
 GET /MatchingPerson/ChatHuman/?room=room_1736394500194 200 in 80ms
 GET /MatchingPerson/ChatHuman/?room=room_1736394500194 200 in 84ms
 GET /favicon.ico?favicon.45db1c09.ico 200 in 58ms
 GET /favicon.ico?favicon.45db1c09.ico 200 in 57ms
 GET /favicon.ico?favicon.45db1c09.ico 200 in 49ms
 GET /favicon.ico?favicon.45db1c09.ico 200 in 43ms
 GET / 200 in 77ms
 GET /favicon.ico?favicon.45db1c09.ico 200 in 36ms
 GET /favicon.ico?favicon.45db1c09.ico 200 in 48ms
 GET /MainPage/ 200 in 58ms
 GET /favicon.ico?favicon.45db1c09.ico 200 in 44ms
 GET / 200 in 60ms
 GET / 200 in 96ms
 GET / 200 in 64ms
 GET /MainPage/ 200 in 54ms
 GET /MatchingPerson/ 200 in 78ms
 GET /MainPage/ 200 in 71ms
 GET /favicon.ico?favicon.45db1c09.ico 200 in 38ms
 GET /MatchingPerson/ 200 in 72ms
 GET /favicon.ico?favicon.45db1c09.ico 200 in 50ms
 GET /MatchingPerson/ChatHuman/?room=room_1736394547707 200 in 63ms
 GET /MatchingPerson/ChatHuman/?room=room_1736394547707 200 in 95ms
 GET /favicon.ico?favicon.45db1c09.ico 200 in 46ms
 GET / 200 in 57ms
 GET / 200 in 59ms
 GET / 200 in 61ms
 GET /MainPage/ 200 in 44ms
 GET /MatchingPerson/ 200 in 70ms
 GET /favicon.ico?favicon.45db1c09.ico 200 in 39ms
 GET /favicon.ico?favicon.45db1c09.ico 200 in 47ms
 GET /MainPage/ 200 in 83ms
 ⨯ ReferenceError: alert is not defined
    at MatchingPerson (app/MatchingPerson/page.tsx:31:4)
  29 |     gender = decoded.user_gender;
  30 |   } else {
> 31 |     alert('유효하지 않은 접근입니다.');
     |    ^
  32 |     router.replace('/');
  33 |   }
  34 | {
  digest: '1194102915'
}
 GET /MatchingPerson/ 500 in 92ms
 GET /favicon.ico?favicon.45db1c09.ico 200 in 56ms
 GET /MatchingPerson/ChatHuman/?room=room_1736394568296 200 in 60ms
 GET /MatchingPerson/ChatHuman/?room=room_1736394568296 200 in 71ms
 GET /favicon.ico?favicon.45db1c09.ico 200 in 80ms
 GET /favicon.ico?favicon.45db1c09.ico 200 in 39ms
 GET /favicon.ico?favicon.45db1c09.ico 200 in 46ms
 GET /favicon.ico?favicon.45db1c09.ico 200 in 46ms
 GET / 200 in 124ms
 GET / 200 in 136ms
 GET / 200 in 63ms
 GET / 200 in 101ms
 GET / 200 in 114ms
 GET / 200 in 61ms
 ○ Compiling /Comment ...
 ✓ Compiled /Comment in 529ms
 GET /Comment/ 200 in 588ms
 GET /Comment/ 200 in 57ms
 GET /favicon.ico?favicon.45db1c09.ico 200 in 47ms
 ○ Compiling /Feedback ...
 ✓ Compiled /Feedback in 4.9s
 GET /Feedback/ 200 in 4952ms
 GET /Feedback/ 200 in 5006ms
 GET /favicon.ico?favicon.45db1c09.ico 200 in 44ms
 GET / 200 in 87ms
 GET / 200 in 112ms
 GET / 200 in 133ms
 ✓ Compiled /_not-found/page in 174ms
 GET /.env 404 in 213ms
 POST / 200 in 103ms
 GET / 200 in 108ms
 GET / 200 in 124ms
 GET / 200 in 70ms
 GET / 200 in 101ms
 GET / 200 in 122ms
 GET / 200 in 69ms
 GET /MainPage/ 200 in 46ms
 ○ Compiling /ChatAI ...
 ✓ Compiled /ChatAI in 566ms
 GET /ChatAI/ 200 in 621ms
 GET /MainPage/ 200 in 55ms
 GET /favicon.ico?favicon.45db1c09.ico 200 in 42ms
 GET / 200 in 69ms
 GET / 200 in 58ms
 GET / 200 in 61ms
 GET / 200 in 189ms
 GET / 200 in 165ms
 GET / 200 in 54ms
 GET / 200 in 68ms
 GET / 200 in 78ms
 GET / 200 in 94ms
 GET / 200 in 62ms
 GET / 200 in 88ms
 GET / 200 in 103ms
 GET / 200 in 50ms
 GET / 200 in 47ms
 GET / 200 in 157ms
 GET / 200 in 154ms
 GET / 200 in 58ms
 GET / 200 in 85ms
 GET / 200 in 105ms
 GET / 200 in 77ms
 GET / 200 in 131ms
 GET / 200 in 128ms
 GET / 200 in 71ms
 GET / 200 in 142ms
 GET / 200 in 141ms
 GET / 200 in 62ms
 GET / 200 in 60ms
 GET / 200 in 85ms
 GET / 200 in 63ms
 GET / 200 in 97ms
 GET / 200 in 189ms
 GET / 200 in 50ms
 GET / 200 in 70ms
 GET / 200 in 87ms
 GET / 200 in 54ms
 GET / 200 in 62ms
 GET / 200 in 80ms
 GET / 200 in 48ms
 GET /wp-admin/setup-config.php 404 in 212ms
 GET / 200 in 464ms
 GET / 200 in 468ms
 GET / 200 in 431ms
 GET /wp-admin/setup-config.php 404 in 87ms
 GET /wordpress/wp-admin/setup-config.php 404 in 65ms
 GET / 200 in 78ms
 GET / 200 in 77ms
 GET / 200 in 75ms
 GET / 200 in 50ms
 GET /favicon.ico?favicon.45db1c09.ico 200 in 47ms
 GET /wordpress/wp-admin/setup-config.php 404 in 75ms
 GET /MainPage/ 200 in 82ms
 GET /favicon.ico?favicon.45db1c09.ico 200 in 100ms
 GET / 200 in 80ms
 GET / 200 in 107ms
 GET / 200 in 132ms
 GET / 200 in 116ms
 GET / 200 in 107ms
 GET / 200 in 122ms
 GET / 200 in 89ms
 GET / 200 in 90ms
 GET / 200 in 112ms
 GET / 200 in 97ms
 GET / 200 in 188ms
 GET / 200 in 157ms
 GET / 200 in 64ms
 GET / 200 in 88ms
 GET / 200 in 84ms
 GET / 200 in 69ms
 GET / 200 in 54ms
 GET /favicon.ico?favicon.45db1c09.ico 200 in 56ms
 GET /MainPage/ 200 in 61ms
 GET /favicon.ico?favicon.45db1c09.ico 200 in 66ms
 GET / 200 in 139ms
 GET / 200 in 78ms
 GET / 200 in 95ms
 GET / 200 in 65ms
 GET /ads.txt 404 in 68ms
 GET / 200 in 68ms
 GET / 200 in 59ms
 GET / 200 in 67ms
 GET / 200 in 73ms
 GET / 200 in 74ms
 GET / 200 in 79ms
 GET / 200 in 120ms
 GET / 200 in 133ms
 GET / 200 in 57ms
 GET / 200 in 85ms
 GET / 200 in 72ms
 GET / 200 in 71ms
 GET / 200 in 84ms
 GET / 200 in 89ms
 GET / 200 in 68ms
 GET / 200 in 65ms
 GET / 200 in 114ms
 GET / 200 in 66ms
 GET / 200 in 96ms
 GET / 200 in 73ms
 GET / 200 in 73ms
 ✓ Compiled /Signin in 418ms
 GET /Signin/ 200 in 467ms
 GET / 200 in 87ms
 GET / 200 in 91ms
 GET / 200 in 73ms
 GET / 200 in 68ms
 GET /MainPage/ 200 in 89ms
 GET / 200 in 104ms
 GET / 200 in 65ms
 GET / 200 in 74ms
 GET /ChatAI/ 200 in 75ms
 GET /favicon.ico?favicon.45db1c09.ico 200 in 50ms
 GET / 200 in 114ms
 GET / 200 in 64ms
 GET / 200 in 62ms
 GET / 200 in 80ms
 GET / 200 in 77ms
 GET / 200 in 98ms
 GET / 200 in 64ms
 GET /node_modules/next/dist/client/components/layout-router.js 404 in 72ms
 GET /chunks/_14b652._.js 404 in 143ms
 GET /chunks/_22d2ba._.js 404 in 127ms
 GET /node_modules/next/dist/client/components/render-from-template-context.js 404 in 123ms
 GET /node_modules/next/dist/lib/metadata/metadata-boundary.js 404 in 125ms
 GET /chunks/app_favicon_ico_mjs_53e3fe._.js 404 in 142ms
 GET /chunks/_49e8de._.js 404 in 147ms
 GET /chunks/node_modules_9d5592._.js 404 in 264ms
 GET /chunks/app_page_tsx_f97bc6._.js 404 in 271ms
 GET /node_modules/next/dist/client/components/client-segment.js 404 in 296ms
 GET /node_modules/next/dist/client/components/error-boundary.js 404 in 330ms
 GET /chunks/app_layout_tsx_61af54._.js 404 in 348ms
 GET /node_modules/next/dist/client/components/client-page.js 404 in 341ms
 GET /node_modules/next/dist/client/components/http-access-fallback/error-boundary.js 404 in 88ms
 GET / 200 in 63ms
 GET / 200 in 72ms
 GET / 200 in 63ms
 GET / 200 in 73ms
 GET / 200 in 91ms
 GET / 200 in 81ms
 GET /Feedback/ 200 in 114ms
 GET / 200 in 67ms
 GET / 200 in 72ms
 GET / 200 in 68ms
 GET /MainPage/ 200 in 79ms
 GET /MatchingPerson/ 200 in 85ms
 GET /MatchingPerson/ 200 in 53ms
 GET /favicon.ico?favicon.45db1c09.ico 200 in 58ms
 GET / 200 in 68ms
 GET / 200 in 103ms
 GET / 200 in 87ms
 GET /favicon.ico?favicon.45db1c09.ico 200 in 44ms
 GET /MainPage/ 200 in 70ms
 GET /favicon.ico?favicon.45db1c09.ico 200 in 51ms
 GET /MatchingPerson/ 200 in 57ms
 GET /favicon.ico?favicon.45db1c09.ico 200 in 66ms
 GET /favicon.ico?favicon.45db1c09.ico 200 in 53ms
 GET / 200 in 63ms
 GET / 200 in 62ms
 GET / 200 in 69ms
 GET / 200 in 56ms
 GET /favicon.ico?favicon.45db1c09.ico 200 in 49ms
 GET /MainPage/ 200 in 76ms
 GET /favicon.ico?favicon.45db1c09.ico 200 in 49ms
 GET /MatchingPerson/ 200 in 116ms
 GET /favicon.ico?favicon.45db1c09.ico 200 in 71ms
 GET /MainPage/ 200 in 45ms
 GET /MainPage/ 200 in 71ms
 GET /favicon.ico?favicon.45db1c09.ico 200 in 51ms
 GET /MatchingPerson/ 200 in 141ms
 GET /favicon.ico?favicon.45db1c09.ico 200 in 50ms
 GET /favicon.ico?favicon.45db1c09.ico 200 in 59ms
 GET /Feedback/ 200 in 79ms
 GET / 200 in 80ms
 GET / 200 in 74ms
 GET / 200 in 63ms
토큰 있음
 GET / 307 in 78ms
 GET /MainPage/ 200 in 86ms
 GET /favicon.ico?favicon.45db1c09.ico 200 in 180ms
 GET / 200 in 167ms
 GET / 200 in 230ms
 GET / 200 in 248ms
 GET / 200 in 47ms
 GET /favicon.ico?favicon.45db1c09.ico 200 in 48ms
 GET /MainPage/ 200 in 67ms
 GET /MainPage/ 200 in 53ms
 GET /favicon.ico?favicon.45db1c09.ico 200 in 49ms
 GET /MatchingPerson/ 200 in 65ms
 GET /MatchingPerson/ 200 in 74ms
 GET /favicon.ico?favicon.45db1c09.ico 200 in 62ms
 GET /MatchingPerson/ChatHuman/?room=room_1736395838524 200 in 65ms
 GET /favicon.ico?favicon.45db1c09.ico 200 in 66ms
 GET / 200 in 95ms
 GET / 200 in 74ms
 GET / 200 in 100ms
 GET /favicon.ico?favicon.45db1c09.ico 200 in 29ms
 GET /favicon.ico?favicon.45db1c09.ico 200 in 44ms
 GET /MainPage/ 200 in 103ms
 GET /MatchingPerson/ 200 in 64ms
 GET /MatchingPerson/ChatHuman/?room=room_1736395859701 200 in 55ms
 GET /MatchingPerson/ChatHuman/?room=room_1736395859701 200 in 175ms
 GET /favicon.ico?favicon.45db1c09.ico 200 in 43ms
 GET / 200 in 148ms
 GET / 200 in 93ms
 GET / 200 in 81ms
 GET / 200 in 56ms
 GET /favicon.ico?favicon.45db1c09.ico 200 in 51ms
 GET /favicon.ico?favicon.45db1c09.ico 200 in 39ms
 GET / 200 in 75ms
 GET / 200 in 102ms
 GET / 200 in 89ms
 GET /Comment/ 200 in 99ms
 GET /Comment/ 200 in 80ms
 GET /Feedback/ 200 in 90ms
 GET /Feedback/ 200 in 100ms
 GET / 200 in 115ms
 GET / 200 in 68ms
 GET / 200 in 62ms
 GET / 200 in 64ms
 GET / 200 in 84ms
 GET / 200 in 95ms
 GET / 200 in 59ms
 GET / 200 in 63ms
 GET / 200 in 63ms
 GET / 200 in 68ms
 GET / 200 in 140ms
 GET / 200 in 83ms
 GET / 200 in 114ms
 GET /wordpress/wp-admin/setup-config.php 404 in 70ms
 GET /wp-admin/setup-config.php 404 in 96ms
 GET / 200 in 104ms
 GET / 200 in 99ms
 GET / 200 in 70ms
 GET /wp-admin/setup-config.php 404 in 92ms
 GET / 200 in 106ms
 GET / 200 in 74ms
 GET / 200 in 90ms
 GET /wordpress/wp-admin/setup-config.php 404 in 87ms
 GET / 200 in 103ms
 GET / 200 in 56ms
 GET / 200 in 62ms
토큰 있음
 GET / 307 in 103ms
 GET /MainPage/ 200 in 64ms
 GET / 200 in 72ms
 GET / 200 in 54ms
 GET / 200 in 55ms
 GET /Signin/ 200 in 71ms
 GET /favicon.ico?favicon.45db1c09.ico 200 in 68ms
 GET /favicon.ico?favicon.45db1c09.ico 200 in 39ms
 GET / 200 in 63ms
 GET / 200 in 122ms
 GET / 200 in 106ms
 GET / 200 in 85ms
 GET / 200 in 62ms
 GET / 200 in 56ms
 GET / 200 in 68ms
 GET /Mainpage/ 404 in 59ms
 GET /favicon.ico?favicon.45db1c09.ico 200 in 47ms
 GET / 200 in 115ms
 GET / 200 in 58ms
 GET / 200 in 63ms
 GET /Mainpage/ 404 in 61ms
 GET /Mainpage/ 404 in 65ms
 GET /favicon.ico?favicon.45db1c09.ico 200 in 46ms
 GET /Mainpage/ 404 in 52ms
 GET /Mainpage/ 404 in 57ms
 GET /favicon.ico?favicon.45db1c09.ico 200 in 40ms
 GET /Mainpage/ 404 in 65ms
 GET /favicon.ico?favicon.45db1c09.ico 200 in 42ms
 GET / 200 in 72ms
 GET / 200 in 100ms
 GET / 200 in 86ms
 GET /MainPage/ 200 in 61ms
 GET /MatchingPerson/ 200 in 58ms
 GET / 200 in 110ms
 GET / 200 in 206ms
 GET /favicon.ico?favicon.45db1c09.ico 200 in 57ms
 GET /Signin/ 200 in 78ms
 GET / 200 in 61ms
 GET / 200 in 108ms
 GET / 200 in 132ms
 GET / 200 in 78ms
 GET / 200 in 82ms
 GET / 200 in 87ms
 GET /Signin/ 200 in 76ms
 GET / 200 in 63ms
 GET / 200 in 60ms
 GET / 200 in 64ms
 GET / 200 in 106ms
 GET / 200 in 80ms
 GET / 200 in 89ms
 GET / 200 in 55ms
 GET / 200 in 73ms
 GET / 200 in 86ms
 GET / 200 in 68ms
 GET / 200 in 73ms
 GET / 200 in 124ms
 GET / 200 in 80ms
 GET / 200 in 94ms
 GET / 200 in 96ms
 GET / 200 in 54ms
 GET / 200 in 60ms
 GET / 200 in 75ms
 GET / 200 in 63ms
 GET / 200 in 112ms
 GET / 200 in 129ms
 GET / 200 in 87ms
 GET / 200 in 189ms
 GET / 200 in 208ms
 GET / 200 in 102ms
 GET / 200 in 145ms
 GET / 200 in 145ms
 GET / 200 in 152ms
 GET / 200 in 77ms
 GET / 200 in 133ms
 GET / 200 in 122ms
 GET / 200 in 135ms
 GET / 200 in 118ms
 GET / 200 in 123ms
 GET / 200 in 68ms
 GET / 200 in 109ms
 GET / 200 in 182ms
 GET / 200 in 88ms
 GET / 200 in 133ms
 GET / 200 in 131ms
 GET / 200 in 80ms
 GET / 200 in 151ms
 GET / 200 in 152ms
 GET / 200 in 72ms
 GET / 200 in 67ms
 GET / 200 in 74ms
 GET / 200 in 73ms
 GET / 200 in 76ms
 GET / 200 in 72ms
 ⨯ ReferenceError: alert is not defined
    at MatchingPerson (app/MatchingPerson/page.tsx:31:4)
  29 |     gender = decoded.user_gender;
  30 |   } else {
> 31 |     alert('유효하지 않은 접근입니다.');
     |    ^
  32 |     router.replace('/');
  33 |   }
  34 | {
  digest: '1194102915'
}
 GET /MatchingPerson/ 500 in 93ms
 GET /favicon.ico?favicon.45db1c09.ico 200 in 168ms
 GET / 200 in 64ms
 GET / 200 in 80ms
 GET / 200 in 96ms
 GET / 200 in 87ms
 GET / 200 in 80ms
 GET / 200 in 94ms
 GET / 200 in 186ms
 GET / 200 in 191ms
 GET / 200 in 154ms
 GET / 200 in 96ms
 GET / 200 in 111ms
 GET / 200 in 131ms
 GET / 200 in 75ms
 GET / 200 in 143ms
 GET / 200 in 150ms
 GET / 200 in 97ms
 GET / 200 in 108ms
 GET / 200 in 127ms
 GET / 200 in 66ms
 GET / 200 in 104ms
 GET / 200 in 118ms
 GET / 200 in 64ms
 GET / 200 in 72ms
 GET / 200 in 123ms
 GET / 200 in 68ms
 GET / 200 in 82ms
 GET / 200 in 132ms
 GET / 200 in 89ms
 GET / 200 in 125ms
 GET / 200 in 123ms
 GET / 200 in 109ms
 GET / 200 in 133ms
 GET / 200 in 162ms
 GET / 200 in 64ms
 GET / 200 in 72ms
 GET / 200 in 65ms
 GET / 200 in 70ms
 GET / 200 in 77ms
 GET / 200 in 107ms
 GET / 200 in 102ms
 GET / 200 in 91ms
 GET / 200 in 96ms
 GET / 200 in 100ms
 GET /wp-admin/setup-config.php 404 in 59ms
 GET / 200 in 71ms
 GET / 200 in 80ms
 GET / 200 in 93ms
 GET / 200 in 116ms
 GET / 200 in 141ms
 GET / 200 in 224ms
 GET / 200 in 77ms
 GET / 200 in 102ms
 GET / 200 in 126ms
 GET /wp-admin/setup-config.php 404 in 54ms
 GET / 200 in 75ms
 GET / 200 in 67ms
 GET / 200 in 67ms
 GET / 200 in 63ms
 GET / 200 in 56ms
 GET / 200 in 54ms
 GET / 200 in 115ms
 GET / 200 in 84ms
 GET / 200 in 80ms
 GET /wordpress/wp-admin/setup-config.php 404 in 52ms
 GET /wordpress/wp-admin/setup-config.php 404 in 56ms
 GET / 200 in 107ms
 GET / 200 in 81ms
 GET / 200 in 57ms
 GET / 200 in 119ms
 GET / 200 in 108ms
 GET / 200 in 108ms
 GET / 200 in 120ms
 GET / 200 in 155ms
 GET / 200 in 131ms
 GET / 200 in 91ms
 GET / 200 in 96ms
 GET / 200 in 63ms
 GET / 200 in 135ms
 GET / 200 in 136ms
 GET / 200 in 94ms
 GET / 200 in 69ms
 GET / 200 in 92ms
 GET / 200 in 63ms
 GET / 200 in 105ms
 GET / 200 in 134ms
 GET / 200 in 92ms
 GET / 200 in 102ms
 GET / 200 in 122ms
 GET / 200 in 85ms
 GET / 200 in 130ms
 GET / 200 in 127ms
 GET / 200 in 105ms
 GET / 200 in 89ms
 GET / 200 in 117ms
 GET / 200 in 110ms
 GET / 200 in 100ms
 GET / 200 in 121ms
 GET / 200 in 153ms
 GET / 200 in 106ms
 GET / 200 in 129ms
 GET / 200 in 116ms
 GET / 200 in 106ms
 GET / 200 in 131ms
 GET / 200 in 121ms
 GET / 200 in 142ms
 GET / 200 in 162ms
 GET / 200 in 166ms
 HEAD /Core/Skin/Login.aspx 404 in 55ms
 GET / 200 in 94ms
 GET / 200 in 128ms
 GET / 200 in 127ms
 GET / 200 in 74ms
 GET / 200 in 108ms
 GET / 200 in 97ms
 GET / 200 in 52ms
 GET / 200 in 127ms
 GET / 200 in 160ms
 GET / 200 in 160ms
 GET /chunks/app_favicon_ico_mjs_53e3fe._.js 404 in 302ms
 GET /node_modules/next/dist/client/components/client-page.js 404 in 442ms
 GET /chunks/_14b652._.js 404 in 498ms
 GET /chunks/app_page_tsx_f97bc6._.js 404 in 525ms
 GET /node_modules/next/dist/client/components/http-access-fallback/error-boundary.js 404 in 525ms
 GET /node_modules/next/dist/client/components/error-boundary.js 404 in 582ms
 GET /node_modules/next/dist/client/components/layout-router.js 404 in 581ms
 GET /node_modules/next/dist/client/components/render-from-template-context.js 404 in 572ms
 GET /chunks/_49e8de._.js 404 in 571ms
 GET /chunks/node_modules_9d5592._.js 404 in 570ms
 GET /node_modules/next/dist/client/components/client-segment.js 404 in 576ms
 GET /chunks/app_layout_tsx_61af54._.js 404 in 564ms
 GET /chunks/_22d2ba._.js 404 in 534ms
 GET /node_modules/next/dist/lib/metadata/metadata-boundary.js 404 in 439ms
 GET / 200 in 57ms
 GET / 200 in 99ms
 GET / 200 in 130ms
 GET / 200 in 127ms
 GET /chunks/app_page_tsx_f97bc6._.js 404 in 125ms
 GET /chunks/node_modules_9d5592._.js 404 in 199ms
 GET /node_modules/next/dist/client/components/client-page.js 404 in 379ms
 GET /node_modules/next/dist/client/components/client-segment.js 404 in 409ms
 GET /node_modules/next/dist/client/components/error-boundary.js 404 in 406ms
 GET /chunks/_49e8de._.js 404 in 407ms
 GET /chunks/_14b652._.js 404 in 434ms
 GET /chunks/_22d2ba._.js 404 in 424ms
 GET /node_modules/next/dist/client/components/http-access-fallback/error-boundary.js 404 in 421ms
 GET /node_modules/next/dist/client/components/layout-router.js 404 in 417ms
 GET /node_modules/next/dist/client/components/render-from-template-context.js 404 in 406ms
 GET /chunks/app_favicon_ico_mjs_53e3fe._.js 404 in 396ms
 GET /node_modules/next/dist/lib/metadata/metadata-boundary.js 404 in 350ms
 GET /chunks/app_layout_tsx_61af54._.js 404 in 310ms
 GET / 200 in 146ms
 GET / 200 in 150ms
 GET / 200 in 163ms
 GET / 200 in 106ms
 GET / 200 in 130ms
 GET / 200 in 163ms
 GET / 200 in 131ms
 GET / 200 in 128ms
 GET / 200 in 134ms
 GET / 200 in 114ms
 GET / 200 in 133ms
 GET / 200 in 231ms
 GET / 200 in 200ms
 GET / 200 in 213ms
 GET / 200 in 199ms
 GET / 200 in 148ms
 GET / 200 in 150ms
 GET / 200 in 141ms
 GET / 200 in 75ms
 GET / 200 in 108ms
 GET / 200 in 105ms
 GET / 200 in 85ms
 GET / 200 in 144ms
 GET / 200 in 149ms
 GET / 200 in 73ms
 GET / 200 in 133ms
 GET / 200 in 112ms
 GET / 200 in 80ms
 GET / 200 in 149ms
 GET / 200 in 150ms
 GET / 200 in 63ms
 GET / 200 in 86ms
 GET / 200 in 160ms
 GET /.env 404 in 62ms
 GET / 200 in 82ms
 GET / 200 in 101ms
 GET / 200 in 101ms
 GET /wordpress/wp-admin/setup-config.php 404 in 61ms
 GET / 200 in 63ms
 GET / 200 in 104ms
 GET / 200 in 104ms
 GET / 200 in 65ms
 GET / 200 in 121ms
 GET / 200 in 120ms
 GET / 200 in 70ms
 GET / 200 in 102ms
 GET / 200 in 103ms
 GET /wordpress/wp-admin/setup-config.php 404 in 53ms
 GET /wp-admin/setup-config.php 404 in 62ms
 GET / 200 in 71ms
 GET / 200 in 108ms
 GET / 200 in 130ms
 GET / 200 in 83ms
 GET / 200 in 140ms
 GET / 200 in 143ms
 GET /wp-admin/setup-config.php 404 in 77ms
 GET / 200 in 144ms
 GET / 200 in 168ms
 GET / 200 in 210ms
 GET / 200 in 69ms
 GET / 200 in 107ms
 GET / 200 in 116ms
 GET / 200 in 69ms
 GET / 200 in 95ms
 GET / 200 in 97ms
 GET /.env 404 in 59ms
 GET / 200 in 52ms
 GET / 200 in 64ms
 GET / 200 in 58ms
 GET / 200 in 105ms
 GET / 200 in 98ms
 GET / 200 in 101ms
 GET / 200 in 90ms
 GET / 200 in 67ms
 GET / 200 in 91ms
 GET / 200 in 99ms
 GET / 200 in 63ms
 GET / 200 in 103ms
 GET / 200 in 109ms
 GET / 200 in 172ms
 GET / 200 in 178ms
 GET / 200 in 181ms
 GET / 200 in 71ms
 GET / 200 in 92ms
 GET / 200 in 105ms
 GET / 200 in 61ms
 GET / 200 in 103ms
 GET / 200 in 104ms
 GET / 200 in 65ms
 GET / 200 in 85ms
 GET / 200 in 92ms
 GET / 200 in 92ms
 GET / 200 in 93ms
 GET / 200 in 95ms
 GET / 200 in 108ms
 GET / 200 in 139ms
 GET / 200 in 129ms
 GET / 200 in 103ms
 GET / 200 in 57ms
 GET / 200 in 58ms
 GET / 200 in 59ms
 GET / 200 in 60ms
 GET / 200 in 60ms
 GET / 200 in 64ms
 GET / 200 in 59ms
 GET / 200 in 58ms
 GET / 200 in 58ms
 GET / 200 in 97ms
 GET / 200 in 123ms
 GET / 200 in 125ms
 GET / 200 in 69ms
 GET / 200 in 58ms
 GET / 200 in 73ms
 GET / 200 in 132ms
 GET / 200 in 146ms
 GET / 200 in 100ms
 GET / 200 in 71ms
 GET / 200 in 96ms
 GET / 200 in 102ms
 GET / 200 in 58ms
 GET / 200 in 60ms
 GET / 200 in 67ms
 GET / 200 in 73ms
 GET / 200 in 102ms
 GET / 200 in 60ms
 GET / 200 in 62ms
 GET / 200 in 87ms
 GET / 200 in 57ms
 GET / 200 in 80ms
 GET / 200 in 61ms
 GET / 200 in 52ms
 GET / 200 in 81ms
 GET / 200 in 61ms
 GET / 200 in 158ms
 GET / 200 in 160ms
 GET / 200 in 121ms
 GET / 200 in 171ms
 GET / 200 in 167ms
 GET / 200 in 109ms
 GET / 200 in 108ms
 GET / 200 in 70ms
 GET /sslvpnLogin.html 404 in 162ms
 GET /auth1.html 404 in 214ms
 GET /auth.html 404 in 213ms
 GET / 200 in 216ms
 GET /api/sonicos/tfa/ 404 in 105ms
 GET /api/sonicos/auth/ 404 in 118ms
 GET / 200 in 84ms
 GET / 200 in 55ms
 GET /wsman/ 404 in 86ms
 GET / 200 in 58ms
 GET / 200 in 50ms
 GET / 200 in 61ms
 HEAD /Core/Skin/Login.aspx 404 in 78ms
 GET / 200 in 58ms
 GET / 200 in 96ms
 GET / 200 in 100ms
 GET / 200 in 54ms
 GET / 200 in 84ms
 GET / 200 in 101ms
 GET / 200 in 85ms
 GET / 200 in 64ms
 GET / 200 in 77ms
 GET / 200 in 78ms
 GET / 200 in 198ms
 GET / 200 in 165ms
 GET / 200 in 129ms
 GET / 200 in 86ms
 GET / 200 in 56ms
 GET / 200 in 53ms
 GET / 200 in 86ms
 GET /favicon.ico?favicon.45db1c09.ico 200 in 47ms
 GET / 200 in 63ms
 GET / 200 in 72ms
 GET / 200 in 71ms
 GET / 200 in 105ms
 GET / 200 in 138ms
 GET / 200 in 135ms
 GET / 200 in 66ms
 GET / 200 in 81ms
 GET / 200 in 93ms
 GET / 200 in 106ms
 GET / 200 in 184ms
 GET / 200 in 185ms
 GET / 200 in 66ms
 GET / 200 in 116ms
 GET / 200 in 133ms
 GET / 200 in 89ms
 GET / 200 in 104ms
 GET / 200 in 98ms
 GET / 200 in 213ms
 GET / 200 in 195ms
 GET / 200 in 222ms
 GET / 200 in 76ms
 GET / 200 in 92ms
 GET / 200 in 97ms
 GET / 200 in 75ms
 GET / 200 in 144ms
 GET / 200 in 149ms
 GET / 200 in 117ms
 GET / 200 in 126ms
 GET / 200 in 164ms
 GET / 200 in 128ms
 GET /favicon.ico 200 in 71ms
 GET / 200 in 140ms
 GET / 200 in 127ms
 GET / 200 in 90ms
 GET / 200 in 70ms
 GET / 200 in 158ms
 GET / 200 in 162ms
 GET / 200 in 112ms
 GET / 200 in 148ms
 GET / 200 in 152ms
 GET / 200 in 114ms
 GET / 200 in 177ms
 GET / 200 in 181ms
 GET / 200 in 98ms
 GET / 200 in 170ms
 GET / 200 in 168ms
 GET / 200 in 81ms
 GET / 200 in 85ms
 GET / 200 in 100ms
 GET / 200 in 56ms
 GET / 200 in 84ms
 GET / 200 in 97ms
 GET / 200 in 50ms
 GET / 200 in 168ms
 GET / 200 in 170ms
 GET / 200 in 116ms
 GET /wordpress/wp-admin/setup-config.php 404 in 70ms
 GET / 200 in 106ms
 GET / 200 in 82ms
 GET / 200 in 98ms
 GET / 200 in 64ms
 GET /wordpress/wp-admin/setup-config.php 404 in 84ms
 GET / 200 in 101ms
 GET / 200 in 139ms
 GET / 200 in 229ms
 GET /wp-admin/setup-config.php 404 in 73ms
 GET / 200 in 137ms
 GET / 200 in 161ms
 GET / 200 in 104ms
 GET /wp-admin/setup-config.php 404 in 56ms
 GET / 200 in 143ms
 GET / 200 in 142ms
 GET / 200 in 122ms
 GET / 200 in 277ms
 GET / 200 in 270ms
 GET / 200 in 201ms
 GET / 200 in 139ms
 GET / 200 in 158ms
 GET / 200 in 140ms
 GET / 200 in 66ms
 GET / 200 in 109ms
 GET / 200 in 99ms
 GET / 200 in 128ms
 GET / 200 in 136ms
 GET / 200 in 115ms
 GET / 200 in 80ms
 GET / 200 in 81ms
 GET / 200 in 113ms
 POST / 200 in 119ms
 GET / 200 in 72ms
 GET / 200 in 129ms
 GET / 200 in 108ms
 GET / 200 in 62ms
 GET / 200 in 92ms
 GET / 200 in 88ms
 GET / 200 in 97ms
 GET / 200 in 118ms
 GET / 200 in 93ms
 GET / 200 in 159ms
 GET / 200 in 141ms
 GET / 200 in 112ms
 GET / 200 in 95ms
 GET / 200 in 97ms
 GET / 200 in 103ms
 GET / 200 in 62ms
 GET / 200 in 125ms
 GET / 200 in 82ms
 GET / 200 in 108ms
 GET / 200 in 81ms
 GET / 200 in 87ms
 GET / 200 in 107ms
 GET / 200 in 59ms
 GET / 200 in 189ms
 GET / 200 in 228ms
 GET / 200 in 222ms
 GET / 200 in 100ms
 GET / 200 in 152ms
 GET / 200 in 117ms
 GET / 200 in 101ms
 GET / 200 in 116ms
 GET / 200 in 68ms
 GET / 200 in 76ms
 GET / 200 in 92ms
 GET / 200 in 49ms
 GET / 200 in 115ms
 GET / 200 in 155ms
 GET / 200 in 85ms
 GET / 200 in 144ms
 GET / 200 in 150ms
 GET / 200 in 92ms
 GET / 200 in 114ms
 GET / 200 in 117ms
 GET / 200 in 65ms
 GET / 200 in 119ms
 GET / 200 in 120ms
 GET / 200 in 106ms
 GET / 200 in 147ms
 GET / 200 in 145ms
 GET / 200 in 210ms
 GET / 200 in 169ms
 GET / 200 in 198ms
 GET / 200 in 163ms
 GET / 200 in 72ms
 GET / 200 in 110ms
 GET / 200 in 137ms
 GET / 200 in 107ms
 GET / 200 in 142ms
 GET / 200 in 168ms
 GET / 200 in 137ms
 GET / 200 in 104ms
 GET / 200 in 128ms
 GET / 200 in 91ms
 GET / 200 in 108ms
 GET / 200 in 109ms
 GET / 200 in 59ms
 GET / 200 in 98ms
 GET / 200 in 112ms
 GET / 200 in 62ms
 GET / 200 in 123ms
 GET / 200 in 145ms
 GET / 200 in 98ms
 GET / 200 in 95ms
 GET / 200 in 100ms
 GET / 200 in 94ms
 GET / 200 in 111ms
 GET / 200 in 138ms
 GET / 200 in 94ms
 GET / 200 in 90ms
 GET / 200 in 109ms
 GET / 200 in 82ms
 GET / 200 in 87ms
 GET / 200 in 84ms
 GET / 200 in 112ms
 GET / 200 in 87ms
 GET / 200 in 147ms
 GET / 200 in 157ms
 GET / 200 in 118ms
 GET / 200 in 91ms
 GET / 200 in 92ms
 GET / 200 in 74ms
 GET / 200 in 105ms
 GET / 200 in 105ms
 GET / 200 in 92ms
 GET /wordpress/wp-admin/setup-config.php 404 in 61ms
 GET / 200 in 96ms
 GET / 200 in 158ms
 GET / 200 in 166ms
 GET / 200 in 123ms
 GET / 200 in 140ms
 GET / 200 in 148ms
 GET /wordpress/wp-admin/setup-config.php 404 in 58ms
 GET / 200 in 66ms
 GET / 200 in 94ms
 GET / 200 in 80ms
 GET /.env 404 in 57ms
 GET /wp-admin/setup-config.php 404 in 60ms
 POST / 200 in 84ms
 GET / 200 in 86ms
 GET / 200 in 145ms
 GET / 200 in 123ms
 GET / 200 in 112ms
 GET / 200 in 147ms
 GET / 200 in 157ms
 GET /wp-admin/setup-config.php 404 in 62ms
 GET / 200 in 98ms
 GET / 200 in 132ms
 GET / 200 in 132ms
 GET / 200 in 90ms
 GET / 200 in 118ms
 GET / 200 in 97ms
 GET / 200 in 123ms
 GET / 200 in 146ms
 GET / 200 in 184ms
 GET / 200 in 84ms
 GET / 200 in 106ms
 GET / 200 in 97ms
 GET / 200 in 142ms
 GET / 200 in 172ms
 GET / 200 in 160ms
 GET / 200 in 121ms
 GET / 200 in 144ms
 GET / 200 in 143ms
 GET /wp-includes/wlwmanifest.xml 404 in 56ms
 GET /administrator/index.php 404 in 94ms
 GET /view-source:/ 404 in 101ms
 GET / 200 in 73ms
 GET / 200 in 102ms
 GET / 200 in 94ms
 GET /misc/ajax.js 404 in 47ms
 GET / 200 in 59ms
 GET / 200 in 89ms
 GET / 200 in 84ms
 GET / 200 in 73ms
 GET / 200 in 106ms
 GET / 200 in 99ms
 GET / 200 in 59ms
 GET / 200 in 77ms
 GET / 200 in 120ms
 GET / 200 in 82ms
 GET / 200 in 88ms
 GET / 200 in 86ms
 GET / 200 in 187ms
 GET / 200 in 162ms
 GET / 200 in 149ms
 GET / 200 in 187ms
 GET / 200 in 212ms
 GET / 200 in 169ms
 GET / 200 in 57ms
 GET / 200 in 111ms
 GET / 200 in 92ms
 GET / 200 in 67ms
 GET / 200 in 65ms
 GET / 200 in 61ms
 GET / 200 in 59ms
 GET / 200 in 59ms
 GET / 200 in 54ms
 GET /.env 404 in 90ms
 POST / 200 in 62ms
 GET / 200 in 63ms
 GET / 200 in 70ms
 GET / 200 in 67ms
 GET / 200 in 95ms
 GET / 200 in 135ms
 GET / 200 in 157ms
 GET / 200 in 62ms
 GET / 200 in 74ms
 GET / 200 in 75ms
 GET / 200 in 67ms
 GET / 200 in 81ms
 GET / 200 in 92ms
 GET / 200 in 64ms
 GET /favicon.ico?favicon.45db1c09.ico 200 in 49ms
 HEAD /xmlrpc.php 404 in 53ms
 GET /favicon.ico 200 in 59ms
 GET / 200 in 63ms
 GET / 200 in 107ms
 GET / 200 in 105ms
 GET /wp-login.php 404 in 126ms
 HEAD /wp/xmlrpc.php 404 in 51ms
 HEAD /wordpress/xmlrpc.php 404 in 46ms
 HEAD /old/xmlrpc.php 404 in 55ms
 HEAD /new/xmlrpc.php 404 in 49ms
 GET / 200 in 84ms
 GET / 200 in 102ms
 GET / 200 in 115ms
 HEAD /blog/xmlrpc.php 404 in 49ms
 GET / 200 in 174ms
 GET / 200 in 210ms
 GET / 200 in 198ms
 GET / 200 in 64ms
 GET / 200 in 101ms
 GET / 200 in 181ms
 GET / 200 in 157ms
 GET / 200 in 165ms
 GET / 200 in 163ms
 GET / 200 in 62ms
 GET / 200 in 119ms
 GET / 200 in 135ms
 GET / 200 in 75ms
 GET / 200 in 129ms
 GET / 200 in 110ms
 GET / 200 in 179ms
 GET / 200 in 198ms
 GET / 200 in 194ms
 GET / 200 in 79ms
 GET / 200 in 133ms
 GET / 200 in 125ms
 GET / 200 in 102ms
 GET / 200 in 150ms
 GET / 200 in 148ms
 GET / 200 in 84ms
 GET / 200 in 126ms
 GET / 200 in 116ms
 GET / 200 in 63ms
 GET / 200 in 174ms
 GET / 200 in 174ms
 GET / 200 in 148ms
 GET / 200 in 197ms
 GET / 200 in 174ms
 GET / 200 in 137ms
 GET / 200 in 161ms
 GET / 200 in 160ms
 GET / 200 in 124ms
 GET / 200 in 156ms
 GET / 200 in 165ms
 GET /wordpress/wp-admin/setup-config.php 404 in 84ms
 GET / 200 in 147ms
 GET / 200 in 178ms
 GET / 200 in 171ms
 GET /wp-admin/setup-config.php 404 in 110ms
 GET / 200 in 193ms
 GET / 200 in 175ms
 GET / 200 in 215ms
 GET /wordpress/wp-admin/setup-config.php 404 in 61ms
 GET / 200 in 150ms
 GET / 200 in 163ms
 GET / 200 in 152ms
 GET /wp-login.php 404 in 92ms
 GET / 200 in 144ms
 GET / 200 in 260ms
 GET / 200 in 304ms
 GET /wp-admin/setup-config.php 404 in 50ms
 GET / 200 in 89ms
 GET / 200 in 113ms
 GET / 200 in 117ms
 GET / 200 in 152ms
 GET / 200 in 150ms
 GET / 200 in 143ms
 GET / 200 in 150ms
 GET / 200 in 153ms
 GET / 200 in 159ms
 GET / 200 in 141ms
 GET / 200 in 146ms
 GET / 200 in 148ms
 GET / 200 in 110ms
 GET / 200 in 157ms
 GET / 200 in 179ms
 GET / 200 in 100ms
 GET / 200 in 120ms
 GET / 200 in 123ms
 GET / 200 in 146ms
 GET / 200 in 123ms
 GET / 200 in 175ms
 GET / 200 in 181ms
 GET / 200 in 68ms
 GET / 200 in 158ms
 GET / 200 in 154ms
 GET / 200 in 158ms
 GET / 200 in 157ms
 GET / 200 in 156ms
 GET / 200 in 147ms
 GET / 200 in 110ms
 GET / 200 in 133ms
 GET / 200 in 135ms
 GET / 200 in 160ms
 GET / 200 in 170ms
 GET / 200 in 161ms
 GET / 200 in 94ms
 GET / 200 in 123ms
 GET / 200 in 132ms
 GET / 200 in 86ms
 GET / 200 in 132ms
 GET / 200 in 137ms
 GET / 200 in 85ms
 GET / 200 in 133ms
 GET / 200 in 130ms
 GET / 200 in 160ms
 GET / 200 in 263ms
 GET / 200 in 260ms
 GET / 200 in 92ms
 GET / 200 in 155ms
 GET / 200 in 150ms
 GET / 200 in 129ms
 GET / 200 in 142ms
 GET / 200 in 135ms
 GET / 200 in 122ms
 GET / 200 in 151ms
 GET / 200 in 154ms
 GET / 200 in 130ms
 GET / 200 in 141ms
 GET / 200 in 141ms
 GET / 200 in 79ms
 GET / 200 in 107ms
 GET / 200 in 115ms
 GET / 200 in 64ms
 GET / 200 in 107ms
 GET / 200 in 104ms
 GET / 200 in 138ms
 GET / 200 in 193ms
 GET / 200 in 197ms
 GET / 200 in 168ms
 GET / 200 in 165ms
 GET / 200 in 195ms
 GET / 200 in 171ms
 GET / 200 in 164ms
 GET / 200 in 147ms
 GET / 200 in 55ms
 GET / 200 in 105ms
 GET / 200 in 132ms
 GET / 200 in 134ms
 GET / 200 in 135ms
 GET / 200 in 175ms
 GET / 200 in 171ms
 GET / 200 in 163ms
 GET / 200 in 191ms
 GET / 200 in 196ms
 GET / 200 in 236ms
 GET / 200 in 230ms
 GET / 200 in 244ms
 GET / 200 in 97ms
 GET / 200 in 133ms
 GET / 200 in 141ms
 GET / 200 in 124ms
 GET / 200 in 191ms
 GET / 200 in 212ms
 GET / 200 in 163ms
 GET / 200 in 181ms
 GET / 200 in 161ms
 GET / 200 in 145ms
 GET / 200 in 144ms
 GET / 200 in 142ms
 GET /wp-admin/setup-config.php 404 in 67ms
 GET /wp-admin/setup-config.php 404 in 47ms
 GET / 200 in 144ms
 GET / 200 in 146ms
 GET / 200 in 136ms
 GET / 200 in 185ms
 GET / 200 in 191ms
 GET / 200 in 191ms
 GET / 200 in 76ms
 GET /wordpress/wp-admin/setup-config.php 404 in 51ms
 GET / 200 in 114ms
 GET / 200 in 145ms
 GET / 200 in 156ms
 GET / 200 in 83ms
 GET / 200 in 106ms
 GET / 200 in 91ms
 GET /wordpress/wp-admin/setup-config.php 404 in 50ms
 GET / 200 in 210ms
 GET / 200 in 213ms
 GET / 200 in 212ms
 GET / 200 in 124ms
 GET / 200 in 124ms
 GET / 200 in 111ms
 GET / 200 in 78ms
 GET / 200 in 104ms
 GET / 200 in 86ms
 GET / 200 in 111ms
 GET / 200 in 88ms
 GET / 200 in 116ms
 GET / 200 in 119ms
 PUT /Oyb1NKZ2.jsp 404 in 53ms
 GET / 200 in 88ms
 GET / 200 in 151ms
 GET / 200 in 139ms
 GET /ZFFMG3j2/?cost=0.33&currency=USD&external_id=125957681&creative_id=126094&ad_campaign_id=1289&source=637a22e75d6dc83c000052215ab0e124&utm_campaign=bnn_c3S 404 in 66ms
 GET / 200 in 80ms
 GET / 200 in 145ms
 GET / 200 in 140ms
 GET / 200 in 76ms
 GET / 200 in 133ms
 GET / 200 in 128ms
 GET /favicon.ico?favicon.45db1c09.ico 200 in 37ms
 GET / 200 in 61ms
 GET / 200 in 159ms
 GET / 200 in 213ms
 GET / 200 in 218ms
 GET / 200 in 79ms
 GET / 200 in 102ms
 GET / 200 in 96ms
 GET /wp-login.php 404 in 63ms
 GET / 200 in 69ms
 GET / 200 in 111ms
 GET / 200 in 126ms
 GET / 200 in 118ms
 GET / 200 in 154ms
 GET / 200 in 144ms
 HEAD /Core/Skin/Login.aspx 404 in 86ms
 GET / 200 in 82ms
 GET / 200 in 113ms
 GET / 200 in 120ms
 GET / 200 in 126ms
 GET / 200 in 158ms
 GET / 200 in 128ms
 GET / 200 in 85ms
 GET / 200 in 116ms
 GET / 200 in 132ms
 GET / 200 in 138ms
 GET / 200 in 123ms
 GET / 200 in 139ms
 GET / 200 in 107ms
 GET / 200 in 121ms
 GET / 200 in 118ms
 GET / 200 in 90ms
 GET / 200 in 97ms
 GET / 200 in 79ms
 GET / 200 in 78ms
 GET / 200 in 85ms
 GET / 200 in 76ms
 GET / 200 in 80ms
 GET / 200 in 94ms
 GET / 200 in 77ms
 GET / 200 in 69ms
 GET / 200 in 62ms
 GET / 200 in 59ms
 GET / 200 in 75ms
 GET / 200 in 74ms
 GET / 200 in 58ms
 GET / 200 in 55ms
 GET / 200 in 50ms
 GET / 200 in 49ms
 HEAD /Core/Skin/Login.aspx 404 in 50ms
 GET / 200 in 94ms
 GET / 200 in 125ms
 GET / 200 in 143ms
 GET / 200 in 88ms
 GET / 200 in 82ms
 GET / 200 in 83ms
 GET / 200 in 69ms
 GET / 200 in 68ms
 GET / 200 in 66ms
 GET / 200 in 53ms
 GET / 200 in 53ms
 GET / 200 in 57ms
 GET / 200 in 96ms
 GET / 200 in 79ms
 GET / 200 in 104ms
 GET / 200 in 147ms
 GET / 200 in 167ms
 GET / 200 in 109ms
 GET / 200 in 98ms
 GET / 200 in 86ms
 GET / 200 in 99ms
 GET / 200 in 72ms
 GET / 200 in 81ms
 GET / 200 in 86ms
 GET / 200 in 112ms
 GET / 200 in 67ms
 GET / 200 in 60ms
 GET /wp-admin/setup-config.php 404 in 139ms
 GET /wordpress/wp-admin/setup-config.php 404 in 54ms
 GET / 200 in 61ms
 GET / 200 in 61ms
 GET / 200 in 57ms
 GET / 200 in 84ms
 GET / 200 in 125ms
 GET / 200 in 126ms
 GET / 200 in 70ms
 GET / 200 in 60ms
 GET / 200 in 74ms
 GET / 200 in 89ms
 GET /wp-admin/setup-config.php 404 in 72ms
 GET / 200 in 81ms
 GET / 200 in 90ms
 GET / 200 in 108ms
 GET / 200 in 70ms
 GET / 200 in 100ms
 GET / 200 in 114ms
 GET / 200 in 54ms
 GET / 200 in 74ms
 GET / 200 in 81ms
 GET / 200 in 46ms
 GET /wordpress/wp-admin/setup-config.php 404 in 52ms
 GET / 200 in 58ms
 GET / 200 in 68ms
 GET / 200 in 60ms
 GET / 200 in 75ms
 GET / 200 in 140ms
 GET / 200 in 198ms
 GET / 200 in 56ms
 GET / 200 in 64ms
 GET / 200 in 65ms
 GET / 200 in 55ms
 GET / 200 in 67ms
 GET / 200 in 65ms
 GET / 200 in 66ms
 GET / 200 in 59ms
 GET / 200 in 79ms
 GET / 200 in 57ms
 GET / 200 in 66ms
 GET / 200 in 77ms
 GET / 200 in 82ms
 GET / 200 in 65ms
 GET / 200 in 60ms
 GET / 200 in 58ms
 GET / 200 in 80ms
 GET / 200 in 85ms
 GET / 200 in 95ms
 GET / 200 in 76ms
 GET / 200 in 134ms
 GET / 200 in 130ms
 GET / 200 in 64ms
 GET / 200 in 164ms
 GET / 200 in 169ms
 GET / 200 in 118ms
 GET / 200 in 106ms
 GET / 200 in 119ms
 GET / 200 in 59ms
 GET / 200 in 73ms
 GET / 200 in 87ms
 GET / 200 in 154ms
 GET /favicon.ico 200 in 68ms
 GET /favicon.ico 200 in 44ms
 GET / 200 in 107ms
 GET / 200 in 90ms
 GET / 200 in 96ms
 GET /favicon.ico 200 in 34ms
 GET / 200 in 59ms
 GET / 200 in 106ms
 GET / 200 in 117ms
 GET / 200 in 61ms
 GET / 200 in 70ms
 GET / 200 in 81ms
 GET / 200 in 57ms
 GET / 200 in 97ms
 GET / 200 in 95ms
 GET / 200 in 79ms
 GET / 200 in 97ms
 GET / 200 in 110ms
 GET / 200 in 60ms
 GET / 200 in 61ms
 GET / 200 in 135ms
 GET / 200 in 134ms
 GET / 200 in 61ms
 GET / 200 in 81ms
 GET / 200 in 95ms
 GET / 200 in 61ms
 GET / 200 in 82ms
 GET / 200 in 92ms
 GET / 200 in 61ms
 GET / 200 in 61ms
 GET / 200 in 78ms
 GET / 200 in 55ms
 GET / 200 in 67ms
 GET / 200 in 80ms
 GET / 200 in 83ms
 GET / 200 in 103ms
 GET / 200 in 120ms
 HEAD /Core/Skin/Login.aspx 404 in 64ms
 GET / 200 in 68ms
 GET / 200 in 85ms
 GET / 200 in 98ms
 GET / 200 in 68ms
 GET / 200 in 86ms
 GET / 200 in 120ms
 GET / 200 in 84ms
 GET / 200 in 139ms
 GET / 200 in 161ms
 GET / 200 in 120ms
 GET / 200 in 130ms
 GET / 200 in 114ms
 GET / 200 in 99ms
 GET / 200 in 77ms
 GET / 200 in 88ms
 GET / 200 in 71ms
 GET / 200 in 83ms
 GET / 200 in 109ms
 GET / 200 in 57ms
 GET / 200 in 128ms
 GET / 200 in 112ms
 GET / 200 in 100ms
 GET / 200 in 95ms
 GET / 200 in 107ms
 GET / 200 in 116ms
 GET / 200 in 139ms
 GET / 200 in 152ms
 GET / 200 in 90ms
 GET / 200 in 112ms
 GET / 200 in 112ms
 GET / 200 in 111ms
 GET / 200 in 120ms
 GET / 200 in 201ms
 GET /wordpress/wp-admin/setup-config.php 404 in 58ms
 GET / 200 in 69ms
 GET / 200 in 86ms
 GET / 200 in 103ms
 GET /wordpress/wp-admin/setup-config.php 404 in 80ms
 GET / 200 in 64ms
 GET / 200 in 92ms
 GET / 200 in 107ms
 GET / 200 in 85ms
 GET / 200 in 122ms
 GET / 200 in 140ms
 GET / 200 in 92ms
 GET / 200 in 118ms
 GET / 200 in 125ms
 GET /wp-admin/setup-config.php 404 in 61ms
 GET / 200 in 66ms
 GET / 200 in 93ms
 GET / 200 in 105ms
 GET /wp-admin/setup-config.php 404 in 67ms
 GET / 200 in 129ms
 GET / 200 in 138ms
 GET / 200 in 130ms
 GET / 200 in 79ms
 GET / 200 in 152ms
 GET / 200 in 186ms
 GET / 200 in 66ms
 GET / 200 in 141ms
 GET / 200 in 134ms
 GET / 200 in 59ms
 GET / 200 in 91ms
 GET / 200 in 106ms
 GET / 200 in 74ms
 GET / 200 in 89ms
 GET / 200 in 134ms
 GET / 200 in 95ms
 GET / 200 in 168ms
 GET / 200 in 168ms
 GET / 200 in 102ms
 GET / 200 in 89ms
 GET / 200 in 98ms
 GET / 200 in 82ms
 GET / 200 in 76ms
 GET / 200 in 86ms
 GET / 200 in 77ms
 GET / 200 in 96ms
 GET / 200 in 96ms
 GET / 200 in 114ms
 GET /favicon.ico 200 in 52ms
 GET / 200 in 77ms
 GET / 200 in 146ms
 GET / 200 in 214ms
 GET / 200 in 61ms
 GET / 200 in 65ms
 GET / 200 in 63ms
 GET / 200 in 73ms
 GET /chunks/_22d2ba._.js 404 in 91ms
 GET /chunks/node_modules_9d5592._.js 404 in 116ms
 GET /chunks/_49e8de._.js 404 in 112ms
 GET / 200 in 60ms
 GET / 200 in 71ms
 GET / 200 in 84ms
 GET / 200 in 66ms
 GET / 200 in 82ms
 GET / 200 in 93ms
 GET / 200 in 213ms
 GET / 200 in 168ms
 GET / 200 in 150ms
 GET / 200 in 86ms
 GET / 200 in 113ms
 GET / 200 in 111ms
 GET / 200 in 59ms
 GET / 200 in 105ms
 GET / 200 in 104ms
 GET / 200 in 80ms
 GET / 200 in 103ms
 GET / 200 in 111ms
 GET / 200 in 93ms
 GET / 200 in 114ms
 GET / 200 in 177ms
 GET / 200 in 97ms
 GET / 200 in 107ms
 GET / 200 in 119ms
 GET / 200 in 79ms
 GET / 200 in 95ms
 GET / 200 in 92ms
 GET / 200 in 62ms
 GET / 200 in 61ms
 GET / 200 in 61ms
 GET / 200 in 57ms
 GET / 200 in 65ms
 GET / 200 in 82ms
 GET / 200 in 58ms
 GET / 200 in 73ms
 GET / 200 in 99ms
 GET / 200 in 84ms
 GET / 200 in 136ms
 GET / 200 in 128ms
 GET / 200 in 71ms
 GET / 200 in 67ms
 GET / 200 in 101ms
 GET / 200 in 110ms
 PUT /hK8SoCx5.jsp 404 in 68ms
 GET / 200 in 68ms
 GET / 200 in 91ms
 GET / 200 in 135ms
 GET /chunks/_49e8de._.js 404 in 187ms
 GET /chunks/app_favicon_ico_mjs_53e3fe._.js 404 in 181ms
 GET /chunks/app_layout_tsx_61af54._.js 404 in 176ms
 GET /node_modules/next/dist/client/components/http-access-fallback/error-boundary.js 404 in 155ms
 GET /node_modules/next/dist/client/components/render-from-template-context.js 404 in 142ms
 GET / 200 in 67ms
 GET /node_modules/next/dist/client/components/layout-router.js 404 in 102ms
 GET / 200 in 142ms
 GET /node_modules/next/dist/lib/metadata/metadata-boundary.js 404 in 135ms
 GET / 200 in 151ms
 GET / 200 in 72ms
 GET / 200 in 107ms
 GET / 200 in 119ms
 GET / 200 in 60ms
 GET / 200 in 99ms
 GET / 200 in 113ms
 GET / 200 in 129ms
 GET / 200 in 102ms
 GET / 200 in 98ms
 GET / 200 in 61ms
 GET / 200 in 90ms
 GET / 200 in 101ms
 GET / 200 in 88ms
 GET / 200 in 108ms
 GET / 200 in 98ms
 GET / 200 in 57ms
 GET / 200 in 174ms
 GET / 200 in 165ms
 GET / 200 in 74ms
 GET / 200 in 67ms
 GET / 200 in 79ms
 GET /wp-admin/setup-config.php 404 in 45ms
 GET / 200 in 50ms
 GET / 200 in 84ms
 GET / 200 in 86ms
 GET / 200 in 96ms
 GET / 200 in 144ms
 GET / 200 in 140ms
 GET / 200 in 70ms
 GET / 200 in 78ms
 GET / 200 in 82ms
 GET /wordpress/wp-admin/setup-config.php 404 in 48ms
 GET /wp-admin/setup-config.php 404 in 55ms
 GET / 200 in 50ms
 GET / 200 in 72ms
 GET / 200 in 82ms
 GET /wordpress/wp-admin/setup-config.php 404 in 55ms
 GET / 200 in 48ms
 GET / 200 in 65ms
 GET / 200 in 72ms
 GET / 200 in 49ms
 GET / 200 in 186ms
 GET / 200 in 188ms
 GET / 200 in 174ms
 GET / 200 in 69ms
 GET / 200 in 184ms
 GET / 200 in 163ms
 GET / 200 in 96ms
 GET / 200 in 126ms
 GET / 200 in 119ms
 GET / 200 in 255ms
 GET / 200 in 195ms
 GET / 200 in 163ms
 GET / 200 in 45ms
 GET / 200 in 58ms
 GET / 200 in 74ms
 GET / 200 in 107ms
 GET / 200 in 98ms
 GET / 200 in 98ms
 GET / 200 in 58ms
 GET / 200 in 100ms
 GET / 200 in 97ms
 GET / 200 in 64ms
 GET / 200 in 106ms
 GET / 200 in 118ms
 GET / 200 in 109ms
 GET / 200 in 96ms
 GET / 200 in 97ms
 GET / 200 in 57ms
 GET / 200 in 74ms
 GET / 200 in 112ms
 GET / 200 in 89ms
 GET / 200 in 51ms
 GET / 200 in 78ms
 GET / 200 in 91ms
 GET / 200 in 44ms
 GET / 200 in 80ms
 GET / 200 in 98ms
 GET / 200 in 91ms
 GET / 200 in 86ms
 GET / 200 in 66ms
 GET / 200 in 88ms
 GET /.env 404 in 73ms
 GET / 200 in 42ms
 GET / 200 in 60ms
 GET / 200 in 64ms
 GET / 200 in 46ms
 GET / 200 in 55ms
 GET / 200 in 63ms
 GET / 200 in 56ms
 GET / 200 in 66ms
 GET / 200 in 109ms
 GET / 200 in 60ms
 GET / 200 in 78ms
 GET / 200 in 90ms
 GET / 200 in 62ms
 GET / 200 in 76ms
 GET / 200 in 110ms
 GET / 200 in 58ms
 GET / 200 in 57ms
 GET / 200 in 61ms
 GET / 200 in 53ms
 GET / 200 in 64ms
 GET / 200 in 75ms
 GET /.git/HEAD/ 404 in 63ms
 GET / 200 in 122ms
 GET / 200 in 124ms
 GET / 200 in 103ms
 GET / 200 in 90ms
 GET / 200 in 93ms
 GET / 200 in 80ms
 GET /MainPage/ 200 in 59ms
 GET /favicon.ico?favicon.45db1c09.ico 200 in 31ms
 GET / 200 in 86ms
 GET / 200 in 100ms
 GET / 200 in 80ms
 GET / 200 in 59ms
 GET / 200 in 79ms
 GET / 200 in 77ms
 GET / 200 in 63ms
 GET / 200 in 71ms
 GET / 200 in 110ms
 GET / 200 in 49ms
 GET / 200 in 82ms
 GET / 200 in 58ms
 GET / 200 in 135ms
 GET / 200 in 122ms
 GET / 200 in 84ms
 GET / 200 in 52ms
 GET / 200 in 48ms
 GET / 200 in 47ms
 GET / 200 in 64ms
 GET / 200 in 61ms
 GET / 200 in 71ms
 GET /.env 404 in 71ms
 POST / 200 in 49ms
 GET / 200 in 80ms
 GET / 200 in 99ms
 GET / 200 in 88ms
 GET / 200 in 100ms
 GET / 200 in 171ms
 GET / 200 in 121ms
 GET /wordpress/wp-admin/setup-config.php 404 in 45ms
 GET / 200 in 62ms
 GET / 200 in 71ms
 GET / 200 in 67ms
 GET /.env 404 in 46ms
 GET / 200 in 85ms
 GET / 200 in 80ms
 GET / 200 in 91ms
 GET / 200 in 56ms
 GET / 200 in 68ms
 GET / 200 in 92ms
 GET / 200 in 149ms
 GET / 200 in 129ms
 GET / 200 in 97ms
 GET /wp-admin/setup-config.php 404 in 52ms
 GET / 200 in 51ms
 GET / 200 in 56ms
 GET / 200 in 92ms
 GET / 200 in 51ms
 GET / 200 in 54ms
 GET / 200 in 44ms
 GET / 200 in 61ms
 GET / 200 in 78ms
 GET / 200 in 59ms
 GET /wp-admin/setup-config.php 404 in 193ms
 GET /wordpress/wp-admin/setup-config.php 404 in 59ms
 GET / 200 in 48ms
 GET / 200 in 50ms
 GET / 200 in 49ms
 GET / 200 in 55ms
 GET / 200 in 57ms
 GET / 200 in 57ms
 GET / 200 in 93ms
 GET / 200 in 99ms
 GET / 200 in 101ms
 GET / 200 in 56ms
 GET / 200 in 76ms
 GET / 200 in 87ms
 GET / 200 in 52ms
 GET / 200 in 63ms
 GET / 200 in 70ms
 GET / 200 in 46ms
 GET / 200 in 53ms
 GET / 200 in 66ms
 GET / 200 in 45ms
 GET / 200 in 50ms
 GET / 200 in 47ms
 GET / 200 in 55ms
 GET / 200 in 59ms
 GET / 200 in 52ms
 GET / 200 in 50ms
 GET /favicon.ico?favicon.45db1c09.ico 200 in 29ms
 GET /favicon.ico 200 in 60ms
 GET / 200 in 79ms
 GET / 200 in 134ms
 GET / 200 in 204ms
 GET / 200 in 82ms
 GET / 200 in 93ms
 GET / 200 in 101ms
 GET / 200 in 64ms
 GET / 200 in 66ms
 GET / 200 in 70ms
 GET / 200 in 61ms
 GET / 200 in 75ms
 GET / 200 in 83ms
 GET / 200 in 105ms
 GET / 200 in 79ms
 GET / 200 in 85ms
 GET / 200 in 64ms
 GET / 200 in 73ms
 GET / 200 in 79ms
 GET / 200 in 74ms
 GET / 200 in 99ms
 GET / 200 in 75ms
 GET / 200 in 91ms
 GET / 200 in 70ms
 GET / 200 in 67ms
 GET / 200 in 61ms
 GET / 200 in 47ms
 GET / 200 in 145ms
 GET / 200 in 166ms
 GET /.git/HEAD/ 404 in 39ms
 GET / 200 in 52ms
 GET / 200 in 64ms
 GET / 200 in 74ms
 GET / 200 in 54ms
 GET / 200 in 63ms
 GET / 200 in 73ms
 GET / 200 in 77ms
 GET / 200 in 63ms
 GET / 200 in 80ms
 GET / 200 in 90ms
 GET / 200 in 127ms
 GET / 200 in 122ms
 GET / 200 in 56ms
 GET / 200 in 131ms
 GET / 200 in 123ms
 GET / 200 in 102ms
 GET / 200 in 83ms
 GET / 200 in 92ms
 GET / 200 in 57ms
 GET / 200 in 88ms
 GET / 200 in 106ms
 GET / 200 in 101ms
 GET / 200 in 62ms
 GET / 200 in 94ms
 GET / 200 in 48ms
 GET / 200 in 72ms
 GET / 200 in 79ms
 GET / 200 in 72ms
 GET /favicon.ico?favicon.45db1c09.ico 200 in 41ms
 GET / 200 in 54ms
 GET / 200 in 96ms
 GET / 200 in 93ms
 GET / 200 in 45ms
 GET / 200 in 82ms
 GET / 200 in 81ms
 GET / 200 in 59ms
 GET / 200 in 92ms
 GET / 200 in 92ms
 GET / 200 in 43ms
 GET / 200 in 104ms
 GET / 200 in 107ms
 GET / 200 in 52ms
 GET / 200 in 49ms
 GET / 200 in 58ms
 GET / 200 in 47ms
 GET / 200 in 50ms
 GET / 200 in 54ms
 GET / 200 in 50ms
 GET / 200 in 72ms
 GET / 200 in 63ms
 GET / 200 in 81ms
 GET / 200 in 54ms
 GET / 200 in 75ms
 GET / 200 in 113ms
 GET / 200 in 71ms
 GET / 200 in 58ms
 GET / 200 in 59ms
 GET / 200 in 51ms
 GET / 200 in 48ms
 GET / 200 in 52ms
 GET / 200 in 58ms
 GET / 200 in 71ms
 GET /wordpress/wp-admin/setup-config.php 404 in 43ms
 GET / 200 in 68ms
 GET / 200 in 67ms
 GET / 200 in 83ms
 GET /wp-admin/setup-config.php 404 in 62ms
 GET /wordpress/wp-admin/setup-config.php 404 in 42ms
 GET / 200 in 59ms
 GET / 200 in 100ms
 GET / 200 in 96ms
 GET / 200 in 47ms
 GET / 200 in 50ms
 GET / 200 in 61ms
 GET / 200 in 78ms
 GET / 200 in 66ms
 GET / 200 in 85ms
 GET /wp-admin/setup-config.php 404 in 39ms
 GET / 200 in 70ms
 GET / 200 in 80ms
 GET / 200 in 72ms
 GET / 200 in 135ms
 GET / 200 in 52ms
 GET / 200 in 55ms
 GET / 200 in 70ms
 GET / 200 in 39ms
 GET / 200 in 34ms
 GET /favicon.ico?favicon.45db1c09.ico 200 in 28ms
 GET / 200 in 45ms
 GET / 200 in 44ms
 GET / 200 in 88ms
 GET /chunks/app_page_tsx_f97bc6._.js 404 in 47ms
 GET /node_modules/next/dist/lib/metadata/metadata-boundary.js 404 in 59ms
 GET /node_modules/next/dist/client/components/client-page.js 404 in 40ms
 GET /node_modules/next/dist/client/components/layout-router.js 404 in 61ms
 GET /chunks/app_layout_tsx_61af54._.js 404 in 93ms
 GET /node_modules/next/dist/client/components/error-boundary.js 404 in 100ms
 GET /node_modules/next/dist/client/components/client-segment.js 404 in 93ms
 GET /node_modules/next/dist/client/components/render-from-template-context.js 404 in 33ms
 GET / 200 in 40ms
 GET / 200 in 41ms
 GET / 200 in 39ms
 GET / 200 in 66ms
 GET / 200 in 50ms
 GET / 200 in 69ms
 GET / 200 in 102ms
 GET / 200 in 43ms
 GET / 200 in 43ms
